2025-07-09 19:31:36,469 - INFO - === Œncepe procesul de scraping ===
2025-07-09 19:31:38,590 - ERROR - Eroare la conectarea la baza de date: 2003: Can't connect to MySQL server on 'localhost:3306' (10061 No connection could be made because the target machine actively refused it)
2025-07-09 19:31:38,590 - ERROR - Nu s-a putut conecta la baza de date
2025-07-09 19:31:38,591 - INFO - === Procesul de scraping s-a terminat ===
2025-07-10 10:21:06,957 - INFO - === Œncepe procesul de scraping ===
2025-07-10 10:21:06,957 - ERROR - Eroare Ón procesul de scraping: NewsDatabase.__init__() got an unexpected keyword argument 'host'
2025-07-10 10:28:33,126 - INFO - === Œncepe procesul de scraping ===
2025-07-10 10:28:33,236 - INFO - Conectat cu succes la baza de date SQL Server
2025-07-10 10:28:33,236 - INFO - Œncepe procesul de scraping...
2025-07-10 10:28:33,236 - INFO - Œncepe scraping-ul pentru HotNews.ro
2025-07-10 10:28:34,753 - ERROR - Eroare la scraping articol mailto:?body=https://stirileprotv.ro/stiri/international/un-submarin-de-atac-nuclear-al-marinei-sua-a-facut-o-escala-fara-precedent-si-transmite-un-mesaj-direct-catre-rusia.html?utm_source=hotnews.ro&utm_medium=referral&utm_campaign=feed_feed_hotnews_ro_hp-stirileprotv_homepage: No connection adapters were found for 'mailto:?body=https://stirileprotv.ro/stiri/international/un-submarin-de-atac-nuclear-al-marinei-sua-a-facut-o-escala-fara-precedent-si-transmite-un-mesaj-direct-catre-rusia.html?utm_source=hotnews.ro&utm_medium=referral&utm_campaign=feed_feed_hotnews_ro_hp-stirileprotv_homepage'
2025-07-10 10:28:37,162 - INFO - Articol insertat cu succes: JavaScript is not available....
2025-07-10 10:28:39,625 - INFO - Articol insertat cu succes: Share on WhatsApp...
2025-07-10 10:28:41,167 - ERROR - Eroare la scraping articol https://www.facebook.com/sharer/sharer.php?u=https://stirileprotv.ro/stiri/international/un-submarin-de-atac-nuclear-al-marinei-sua-a-facut-o-escala-fara-precedent-si-transmite-un-mesaj-direct-catre-rusia.html?utm_source=hotnews.ro&utm_medium=referral&utm_campaign=feed_feed_hotnews_ro_hp-stirileprotv_homepage: 400 Client Error: Bad Request for url: https://www.facebook.com/sharer/sharer.php?u=https://stirileprotv.ro/stiri/international/un-submarin-de-atac-nuclear-al-marinei-sua-a-facut-o-escala-fara-precedent-si-transmite-un-mesaj-direct-catre-rusia.html?utm_source=hotnews.ro&utm_medium=referral&utm_campaign=feed_feed_hotnews_ro_hp-stirileprotv_homepage
2025-07-10 10:28:43,833 - INFO - Œncepe scraping-ul pentru Digi24.ro
2025-07-10 10:28:44,775 - INFO - Articol insertat cu succes: Handbal...
2025-07-10 10:28:47,175 - INFO - Articol insertat cu succes: Externe...
2025-07-10 10:28:52,347 - INFO - Articol insertat cu succes: Sci-tech...
2025-07-10 10:28:53,912 - INFO - Articol insertat cu succes: Europa...
2025-07-10 10:28:59,009 - INFO - Articol insertat cu succes: Sophie Turner, despre scenele intime filmate pe pl...
2025-07-10 10:29:00,777 - INFO - Articol insertat cu succes: Evenimente...
2025-07-10 10:29:03,227 - INFO - Articol insertat cu succes: Fotbal...
2025-07-10 10:29:10,794 - INFO - Procesul de scraping s-a terminat cu succes
2025-07-10 10:29:10,795 - INFO - === Procesul de scraping s-a terminat ===
2025-07-10 10:37:50,482 - INFO - RuleazƒÉ comanda: scrape
2025-07-10 10:37:50,482 - INFO - === √éncepe procesul de scraping ===
2025-07-10 10:37:50,537 - INFO - Conectat cu succes la baza de date SQL Server
2025-07-10 10:37:50,552 - INFO - √éncepe procesul de scraping...
2025-07-10 10:37:50,552 - INFO - √éncepe scraping-ul pentru HotNews.ro
2025-07-10 10:37:52,508 - INFO - GƒÉsite 2 articole pe HotNews
2025-07-10 10:37:52,508 - INFO - Articolul existƒÉ deja: https://stirileprotv.ro/stiri/international/un-submarin-de-atac-nuclear-al-marinei-sua-a-facut-o-escala-fara-precedent-si-transmite-un-mesaj-direct-catre-rusia.html?utm_source=hotnews.ro&utm_medium=referral&utm_campaign=feed_feed_hotnews_ro_hp-stirileprotv_homepage
2025-07-10 10:37:52,508 - INFO - Articolul existƒÉ deja: https://wa.me/?text=https://stirileprotv.ro/stiri/international/un-submarin-de-atac-nuclear-al-marinei-sua-a-facut-o-escala-fara-precedent-si-transmite-un-mesaj-direct-catre-rusia.html?utm_source=hotnews.ro&utm_medium=referral&utm_campaign=feed_feed_hotnews_ro_hp-stirileprotv_homepage
2025-07-10 10:37:52,508 - INFO - √éncepe scraping-ul pentru Digi24.ro
2025-07-10 10:37:53,015 - INFO - GƒÉsite 20 articole pe Digi24
2025-07-10 10:37:53,387 - INFO - Articol insertat cu succes: Energie...
2025-07-10 10:37:54,515 - INFO - Articol insertat cu succes: Plan Ro≈üu de Interven≈£ie, activat √Æn jude≈£ul Const...
2025-07-10 10:37:55,626 - INFO - Articol insertat cu succes: PoliticƒÉ...
2025-07-10 10:37:56,787 - INFO - Articol insertat cu succes: Drago≈ü Anastasiu, apel la ≈üefii de institu≈£ii care...
2025-07-10 10:37:57,990 - INFO - Articol insertat cu succes: Banca Na»õionalƒÉ a Bulgariei lanseazƒÉ emisiunea de ...
2025-07-10 10:37:59,167 - INFO - Articol insertat cu succes: Care este situa»õia stocurilor de gaze ale Rom√¢niei...
2025-07-10 10:38:00,295 - INFO - Articol insertat cu succes: Ce minuni a mai fƒÉcut Grok, chatbotul AI al lui Mu...
2025-07-10 10:38:01,423 - INFO - Articol insertat cu succes: VideoRusia re√Ænvie strategia trenurilor blindate »ô...
2025-07-10 10:38:02,561 - INFO - Articol insertat cu succes: ‚ÄûOfensiva pe furi»ô‚Äù a armatei ruse de pe frontul u...
2025-07-10 10:38:03,707 - INFO - Articol insertat cu succes: De ce e metroul clujean √Æn plop »ôi plopu-n aer. Ex...
2025-07-10 10:38:04,864 - INFO - Articol insertat cu succes: VideoMoment jenant pentru Trump. L-a felicitat pe ...
2025-07-10 10:38:05,974 - INFO - Articol insertat cu succes: Educa»õie...
2025-07-10 10:38:07,183 - INFO - Articol insertat cu succes: Donald Trump s-a lƒÉudat cƒÉ l-a amenin»õat pe Putin ...
2025-07-10 10:38:08,323 - INFO - Articol insertat cu succes: Calendar admitere la facultate pentru anul »ôcolar ...
2025-07-10 10:38:09,482 - INFO - Articol insertat cu succes: AnalizƒÉSuprema»õia dronelor a luat sf√¢r»ôit. General...
2025-07-10 10:38:10,943 - INFO - Articol insertat cu succes: Lumea digitalƒÉ...
2025-07-10 10:38:11,956 - INFO - Procesul de scraping s-a terminat cu succes
2025-07-10 10:38:11,956 - INFO - Conexiunea la baza de date a fost √ÆnchisƒÉ
2025-07-10 10:38:11,956 - INFO - === Procesul de scraping s-a terminat ===
2025-07-10 10:39:56,826 - INFO - RuleazƒÉ comanda: api
2025-07-10 10:39:56,826 - INFO - Porne»ôte serverul API...
2025-07-10 10:39:57,760 - INFO - [31m[1mWARNING: This is a development server. Do not use it in a production deployment. Use a production WSGI server instead.[0m
 * Running on all addresses (0.0.0.0)
 * Running on http://127.0.0.1:5000
 * Running on http://10.43.107.53:5000
2025-07-10 10:39:57,760 - INFO - [33mPress CTRL+C to quit[0m
2025-07-10 10:39:57,760 - INFO -  * Restarting with stat
2025-07-10 10:39:58,075 - INFO - RuleazƒÉ comanda: api
2025-07-10 10:39:58,075 - INFO - Porne»ôte serverul API...
2025-07-10 10:39:58,091 - WARNING -  * Debugger is active!
2025-07-10 10:39:58,091 - INFO -  * Debugger PIN: 622-561-703
2025-07-10 10:42:28,652 - INFO - RuleazƒÉ comanda: api
2025-07-10 10:42:28,652 - INFO - Porne»ôte serverul API...
2025-07-10 10:42:29,510 - INFO - [31m[1mWARNING: This is a development server. Do not use it in a production deployment. Use a production WSGI server instead.[0m
 * Running on all addresses (0.0.0.0)
 * Running on http://127.0.0.1:5000
 * Running on http://10.43.107.53:5000
2025-07-10 10:42:29,510 - INFO - [33mPress CTRL+C to quit[0m
2025-07-10 10:42:29,514 - INFO -  * Restarting with stat
2025-07-10 10:42:29,804 - INFO - RuleazƒÉ comanda: api
2025-07-10 10:42:29,804 - INFO - Porne»ôte serverul API...
2025-07-10 10:42:29,816 - WARNING -  * Debugger is active!
2025-07-10 10:42:29,816 - INFO -  * Debugger PIN: 622-561-703
2025-07-10 10:42:52,919 - INFO - 127.0.0.1 - - [10/Jul/2025 10:42:52] "GET /api/news HTTP/1.1" 200 -
2025-07-10 10:42:53,078 - INFO - 127.0.0.1 - - [10/Jul/2025 10:42:53] "[33mGET /favicon.ico HTTP/1.1[0m" 404 -
2025-07-10 10:43:29,411 - INFO - 127.0.0.1 - - [10/Jul/2025 10:43:29] "GET /api/news?source=Digi24&limit=5 HTTP/1.1" 200 -
2025-07-10 10:46:45,582 - INFO - RuleazƒÉ comanda: scrape
2025-07-10 10:46:45,582 - INFO - === √éncepe procesul de scraping ===
2025-07-10 10:46:45,697 - INFO - Conectat cu succes la baza de date SQL Server
2025-07-10 10:46:45,697 - INFO - √éncepe procesul de scraping...
2025-07-10 10:46:45,697 - INFO - √éncepe scraping-ul pentru HotNews.ro
2025-07-10 10:46:46,982 - INFO - GƒÉsite 2 articole pe HotNews
2025-07-10 10:46:46,996 - INFO - Articolul existƒÉ deja: https://stirileprotv.ro/stiri/international/un-submarin-de-atac-nuclear-al-marinei-sua-a-facut-o-escala-fara-precedent-si-transmite-un-mesaj-direct-catre-rusia.html?utm_source=hotnews.ro&utm_medium=referral&utm_campaign=feed_feed_hotnews_ro_hp-stirileprotv_homepage
2025-07-10 10:46:46,997 - INFO - Articolul existƒÉ deja: https://wa.me/?text=https://stirileprotv.ro/stiri/international/un-submarin-de-atac-nuclear-al-marinei-sua-a-facut-o-escala-fara-precedent-si-transmite-un-mesaj-direct-catre-rusia.html?utm_source=hotnews.ro&utm_medium=referral&utm_campaign=feed_feed_hotnews_ro_hp-stirileprotv_homepage
2025-07-10 10:46:46,997 - INFO - √éncepe scraping-ul pentru Digi24.ro
2025-07-10 10:46:47,453 - INFO - GƒÉsite 20 articole pe Digi24
2025-07-10 10:46:47,774 - INFO - Articol insertat cu succes: Auto...
2025-07-10 10:46:48,979 - INFO - Articol insertat cu succes: Bani »ôi Afaceri...
2025-07-10 10:46:50,139 - INFO - Articol insertat cu succes: Trump lucreazƒÉ la schimbarea regimurilor √Æn Europa...
2025-07-10 10:46:51,308 - INFO - Articol insertat cu succes: Avertismentul »ôefului NATO: Putin ar putea ataca E...
2025-07-10 10:46:52,859 - INFO - Articol insertat cu succes: Andreea Marin, primele declara»õii despre despƒÉr»õir...
2025-07-10 10:46:54,135 - INFO - Articol insertat cu succes: ExclusivRƒÉspunsul lui Bolojan pentru Paula, o grav...
2025-07-10 10:46:55,310 - INFO - Articol insertat cu succes: PrimƒÉria Capitalei a anun»õat termenul pentru aprob...
2025-07-10 10:46:56,792 - INFO - Articol insertat cu succes: NaturƒÉ »ôi Mediu...
2025-07-10 10:46:58,594 - INFO - Articol insertat cu succes: Moldova...
2025-07-10 10:47:00,209 - WARNING - Some characters could not be decoded, and were replaced with REPLACEMENT CHARACTER.
2025-07-10 10:47:00,238 - INFO - Articol insertat cu succes: Mapamond...
2025-07-10 10:47:01,380 - INFO - Articol insertat cu succes: Marea Britanie »ôi Uniunea EuropeanƒÉ au renun»õat la...
2025-07-10 10:47:02,558 - INFO - Articol insertat cu succes: Secretarul american de Stat, Marco Rubio, se va √Æn...
2025-07-10 10:47:03,725 - INFO - Articol insertat cu succes: Sport...
2025-07-10 10:47:04,867 - INFO - Articol insertat cu succes: ImportƒÉm mai mult dec√¢t exportƒÉm: Deficitul comerc...
2025-07-10 10:47:05,871 - INFO - Procesul de scraping s-a terminat cu succes
2025-07-10 10:47:05,871 - INFO - Conexiunea la baza de date a fost √ÆnchisƒÉ
2025-07-10 10:47:05,871 - INFO - === Procesul de scraping s-a terminat ===
2025-07-10 10:47:48,346 - INFO - RuleazƒÉ comanda: api
2025-07-10 10:47:48,346 - INFO - Porne»ôte serverul API...
2025-07-10 10:47:49,213 - INFO - [31m[1mWARNING: This is a development server. Do not use it in a production deployment. Use a production WSGI server instead.[0m
 * Running on all addresses (0.0.0.0)
 * Running on http://127.0.0.1:5000
 * Running on http://10.43.107.53:5000
2025-07-10 10:47:49,213 - INFO - [33mPress CTRL+C to quit[0m
2025-07-10 10:47:49,213 - INFO -  * Restarting with stat
2025-07-10 10:47:49,519 - INFO - RuleazƒÉ comanda: api
2025-07-10 10:47:49,519 - INFO - Porne»ôte serverul API...
2025-07-10 10:47:49,519 - WARNING -  * Debugger is active!
2025-07-10 10:47:49,535 - INFO -  * Debugger PIN: 622-561-703
2025-07-10 10:48:03,404 - INFO - 127.0.0.1 - - [10/Jul/2025 10:48:03] "GET /api/news HTTP/1.1" 200 -
2025-07-10 10:48:03,565 - INFO - 127.0.0.1 - - [10/Jul/2025 10:48:03] "[33mGET /favicon.ico HTTP/1.1[0m" 404 -
2025-07-14 08:42:32,448 - INFO - RuleazƒÉ comanda: scrape
2025-07-14 08:42:32,458 - INFO - === √éncepe procesul de scraping ===
2025-07-14 08:42:32,551 - INFO - Conectat cu succes la baza de date SQL Server
2025-07-14 08:42:32,551 - INFO - √éncepe procesul de scraping...
2025-07-14 08:42:32,551 - INFO - √éncepe scraping-ul pentru HotNews.ro
2025-07-14 08:42:32,557 - ERROR - Eroare la scraping HotNews: HTTPSConnectionPool(host='hotnews.ro', port=443): Max retries exceeded with url: / (Caused by NameResolutionError("<urllib3.connection.HTTPSConnection object at 0x000001CE3B9906B0>: Failed to resolve 'hotnews.ro' ([Errno 11001] getaddrinfo failed)"))
2025-07-14 08:42:32,557 - INFO - √éncepe scraping-ul pentru Digi24.ro
2025-07-14 08:42:32,557 - ERROR - Eroare la scraping Digi24: HTTPSConnectionPool(host='www.digi24.ro', port=443): Max retries exceeded with url: / (Caused by NameResolutionError("<urllib3.connection.HTTPSConnection object at 0x000001CE3BCBA840>: Failed to resolve 'www.digi24.ro' ([Errno 11001] getaddrinfo failed)"))
2025-07-14 08:42:32,557 - INFO - Procesul de scraping s-a terminat cu succes
2025-07-14 08:42:32,557 - INFO - Conexiunea la baza de date a fost √ÆnchisƒÉ
2025-07-14 08:42:32,557 - INFO - === Procesul de scraping s-a terminat ===
2025-07-15 09:57:26,314 - INFO - RuleazƒÉ comanda: scrape
2025-07-15 09:57:26,314 - INFO - === √éncepe procesul de scraping ===
2025-07-15 09:57:26,432 - INFO - Conectat cu succes la baza de date SQL Server
2025-07-15 09:57:26,432 - INFO - √éncepe procesul de scraping...
2025-07-15 09:57:26,432 - INFO - √éncepe scraping-ul pentru HotNews.ro
2025-07-15 09:57:27,555 - INFO - GƒÉsite 2 articole pe HotNews
2025-07-15 09:57:31,378 - WARNING - Titlu invalid pentru https://wa.me/?text=https://stirileprotv.ro/stiri/financiar/cat-ne-va-costa-factura-la-curent-daca-tinem-doua-aparate-conditionate-deschise-timp-de-14-ore-pe-zi.html?utm_source=hotnews.ro&utm_medium=referral&utm_campaign=feed_feed_hotnews_ro_hp-stirileprotv_homepage: Share on WhatsApp
2025-07-15 09:57:33,183 - INFO - Articol insertat cu succes: C√¢t ne va costa factura la curent dacƒÉ »õinem douƒÉ ...
2025-07-15 09:57:34,185 - INFO - √éncepe scraping-ul pentru Digi24.ro
2025-07-15 09:57:35,025 - INFO - GƒÉsite 20 articole pe Digi24
2025-07-15 09:57:35,267 - INFO - Articol insertat cu succes: VideoCriminal liber de 7 zile. Cum aratƒÉ profilul ...
2025-07-15 09:57:37,079 - INFO - Articol insertat cu succes: Fiica RalucƒÉi Moianu s-a cƒÉsƒÉtorit religios √Æn sec...
2025-07-15 09:57:38,364 - INFO - Articol insertat cu succes: Pentagonul va folosi chatbotul Grok, al lui Elon M...
2025-07-15 09:57:40,044 - INFO - Articol insertat cu succes: Pentru prima datƒÉ, un sistem AI poate prezice comp...
2025-07-15 09:57:41,179 - INFO - Articol insertat cu succes: Economie...
2025-07-15 09:57:42,317 - INFO - Articol insertat cu succes: Proba scrisƒÉ la examenul de titularizare are loc m...
2025-07-15 09:57:43,499 - INFO - Articol insertat cu succes: AUR anun≈£ƒÉ cƒÉ va contesta Legea austeritƒÉ≈£ii la CC...
2025-07-15 09:57:45,139 - INFO - Articol insertat cu succes: Justi»õie...
2025-07-15 09:57:46,466 - INFO - Articol insertat cu succes: Bitcoin atinge un nou record istoric. Pe ce pariaz...
2025-07-15 09:57:48,444 - INFO - Articol insertat cu succes: Iustin Petrescu pierde primul proces din scandalul...
2025-07-15 09:57:50,027 - INFO - Articol insertat cu succes: Mo»ôteanu salutƒÉ noul ajutor anun»õat de Trump pentr...
2025-07-15 09:57:51,240 - INFO - Articol insertat cu succes: AnalizƒÉViktor Orban »ôi lupta pentru sufletul Ungar...
2025-07-15 09:57:52,470 - INFO - Articol insertat cu succes: Grindeanu, avertisment pentru coali»õie: DacƒÉ nu im...
2025-07-15 09:57:53,475 - INFO - Procesul de scraping s-a terminat cu succes
2025-07-15 09:57:53,475 - INFO - Conexiunea la baza de date a fost √ÆnchisƒÉ
2025-07-15 09:57:53,475 - INFO - === Procesul de scraping s-a terminat ===
2025-07-15 10:42:30,181 - INFO - RuleazƒÉ comanda: test
2025-07-15 10:42:30,181 - INFO - TesteazƒÉ conexiunea la baza de date...
2025-07-15 10:42:30,248 - INFO - Conexiune reu»ôitƒÉ! NumƒÉrul de articole √Æn baza de date: 67
2025-07-15 10:42:48,940 - INFO - RuleazƒÉ comanda: scheduler
2025-07-15 10:42:48,940 - INFO - Porne»ôte scheduler-ul pentru scraping automat...
2025-07-15 10:42:48,940 - INFO - === √éncepe procesul de scraping ===
2025-07-15 10:42:49,001 - INFO - Conectat cu succes la baza de date SQL Server
2025-07-15 10:42:49,001 - INFO - √éncepe procesul de scraping...
2025-07-15 10:42:49,001 - INFO - √éncepe scraping-ul pentru HotNews.ro
2025-07-15 10:42:51,189 - INFO - GƒÉsite 2 articole pe HotNews
2025-07-15 10:42:52,826 - WARNING - Titlu invalid pentru https://wa.me/?text=https://stirileprotv.ro/stiri/financiar/cat-ne-va-costa-factura-la-curent-daca-tinem-doua-aparate-conditionate-deschise-timp-de-14-ore-pe-zi.html?utm_source=hotnews.ro&utm_medium=referral&utm_campaign=feed_feed_hotnews_ro_hp-stirileprotv_homepage: Share on WhatsApp
2025-07-15 10:42:53,831 - INFO - Articolul existƒÉ deja: https://stirileprotv.ro/stiri/financiar/cat-ne-va-costa-factura-la-curent-daca-tinem-doua-aparate-conditionate-deschise-timp-de-14-ore-pe-zi.html?utm_source=hotnews.ro&utm_medium=referral&utm_campaign=feed_feed_hotnews_ro_hp-stirileprotv_homepage
2025-07-15 10:42:53,831 - INFO - √éncepe scraping-ul pentru Digi24.ro
2025-07-15 10:42:54,371 - INFO - GƒÉsite 20 articole pe Digi24
2025-07-15 10:42:54,494 - INFO - Articol insertat cu succes: Comutatoarele care controleazƒÉ combustibilul √Æn ca...
2025-07-15 10:42:55,680 - INFO - Articol insertat cu succes: Sondaj INSCOP: Pe cine √Ænvinuiesc rom√¢nii pentru s...
2025-07-15 10:42:57,184 - INFO - Articol insertat cu succes: Transporturi...
2025-07-15 10:42:58,342 - INFO - Articol insertat cu succes: FotoNicu»ôor Dan a fost surprins √Æntr-o cursƒÉ aeria...
2025-07-15 10:43:00,140 - INFO - Articol insertat cu succes: Tenis...
2025-07-15 10:43:01,764 - INFO - Articol insertat cu succes: Tea Leoni ≈üi Tim Daly s-au cƒÉsƒÉtorit dupƒÉ 11 ani d...
2025-07-15 10:43:02,990 - INFO - Articol insertat cu succes: ExclusivTanczos Barna dƒÉ asigurƒÉri cƒÉ Rom√¢nia nu v...
2025-07-15 10:43:04,257 - INFO - Articol insertat cu succes: Video&FotoProtest al sindicali»ôtilor √Æn Pia»õa Vict...
2025-07-15 10:43:05,474 - INFO - Articol insertat cu succes: Avertismentul ONU: dezinformarea »ôi ‚Äûreducerile dr...
2025-07-15 10:43:06,715 - INFO - Articol insertat cu succes: ExclusivRƒÉspunsul ministrului Florin Manole pentru...
2025-07-15 10:43:07,912 - INFO - Articol insertat cu succes: VideoO t√¢nƒÉrƒÉ din Bistri»õa a creat un cont fals cu...
2025-07-15 10:43:08,439 - INFO - Conexiunea la baza de date a fost √ÆnchisƒÉ
2025-07-15 10:43:21,643 - INFO - RuleazƒÉ comanda: api
2025-07-15 10:43:21,643 - INFO - Porne»ôte serverul API...
2025-07-15 10:43:22,517 - INFO - [31m[1mWARNING: This is a development server. Do not use it in a production deployment. Use a production WSGI server instead.[0m
 * Running on all addresses (0.0.0.0)
 * Running on http://127.0.0.1:5000
 * Running on http://10.56.27.53:5000
2025-07-15 10:43:22,517 - INFO - [33mPress CTRL+C to quit[0m
2025-07-15 10:43:22,518 - INFO -  * Restarting with stat
2025-07-15 10:43:22,839 - INFO - RuleazƒÉ comanda: api
2025-07-15 10:43:22,839 - INFO - Porne»ôte serverul API...
2025-07-15 10:43:22,856 - WARNING -  * Debugger is active!
2025-07-15 10:43:22,858 - INFO -  * Debugger PIN: 558-859-588
2025-07-15 10:43:38,512 - INFO - RuleazƒÉ comanda: scrape
2025-07-15 10:43:38,512 - INFO - === √éncepe procesul de scraping ===
2025-07-15 10:43:38,568 - INFO - Conectat cu succes la baza de date SQL Server
2025-07-15 10:43:38,569 - INFO - √éncepe procesul de scraping...
2025-07-15 10:43:38,569 - INFO - √éncepe scraping-ul pentru HotNews.ro
2025-07-15 10:43:39,651 - INFO - GƒÉsite 2 articole pe HotNews
2025-07-15 10:43:39,651 - INFO - Articolul existƒÉ deja: https://stirileprotv.ro/stiri/financiar/cat-ne-va-costa-factura-la-curent-daca-tinem-doua-aparate-conditionate-deschise-timp-de-14-ore-pe-zi.html?utm_source=hotnews.ro&utm_medium=referral&utm_campaign=feed_feed_hotnews_ro_hp-stirileprotv_homepage
2025-07-15 10:43:40,962 - WARNING - Titlu invalid pentru https://wa.me/?text=https://stirileprotv.ro/stiri/financiar/cat-ne-va-costa-factura-la-curent-daca-tinem-doua-aparate-conditionate-deschise-timp-de-14-ore-pe-zi.html?utm_source=hotnews.ro&utm_medium=referral&utm_campaign=feed_feed_hotnews_ro_hp-stirileprotv_homepage: Share on WhatsApp
2025-07-15 10:43:41,963 - INFO - √éncepe scraping-ul pentru Digi24.ro
2025-07-15 10:43:42,552 - INFO - GƒÉsite 20 articole pe Digi24
2025-07-15 10:43:42,696 - INFO - Articol insertat cu succes: Unul dintre cele mai mari terminale de cereale din...
2025-07-15 10:43:44,252 - INFO - Articol insertat cu succes: Digi Economic...
2025-07-15 10:43:45,369 - INFO - Articol insertat cu succes: Donald Trump ar putea da undƒÉ verde Ucrainei sƒÉ ut...
2025-07-15 10:43:45,869 - INFO - Conexiunea la baza de date a fost √ÆnchisƒÉ
2025-07-15 10:46:03,103 - INFO - RuleazƒÉ comanda: test
2025-07-15 10:46:03,103 - INFO - TesteazƒÉ conexiunea la baza de date...
2025-07-15 10:46:03,164 - INFO - Conexiune reu»ôitƒÉ! NumƒÉrul de articole √Æn baza de date: 81
2025-07-15 10:46:19,548 - INFO - RuleazƒÉ comanda: api
2025-07-15 10:46:19,548 - INFO - Porne»ôte serverul API...
2025-07-15 10:46:20,438 - INFO - [31m[1mWARNING: This is a development server. Do not use it in a production deployment. Use a production WSGI server instead.[0m
 * Running on all addresses (0.0.0.0)
 * Running on http://127.0.0.1:5000
 * Running on http://10.56.27.53:5000
2025-07-15 10:46:20,438 - INFO - [33mPress CTRL+C to quit[0m
2025-07-15 10:46:20,438 - INFO -  * Restarting with stat
2025-07-15 10:46:20,754 - INFO - RuleazƒÉ comanda: api
2025-07-15 10:46:20,754 - INFO - Porne»ôte serverul API...
2025-07-15 10:46:20,768 - WARNING -  * Debugger is active!
2025-07-15 10:46:20,775 - INFO -  * Debugger PIN: 558-859-588
2025-07-15 10:47:30,268 - ERROR - 127.0.0.1 - - [15/Jul/2025 10:47:30] code 400, message Bad request version ('&¬¢√òM¬£\x07')
2025-07-15 10:47:30,268 - INFO - 127.0.0.1 - - [15/Jul/2025 10:47:30] "[31m[1m\x16\x03\x01\x06√†\x01\x00\x06√ú\x03\x03√≠=¬¨\x89<√í\x86\x9b\x9f\x9a√∫¬®\x05~\x8e~\x0c√Ñ(\x1en\x91\x9a√∏\x0f√û¬ß¬¶\x05F\x17\x0b \x8b\x10¬†&¬¢√òM¬£\x07[0m" 400 -
2025-07-15 10:47:30,270 - ERROR - 127.0.0.1 - - [15/Jul/2025 10:47:30] code 400, message Bad request version ('\x80¬®¬±')
2025-07-15 10:47:30,270 - INFO - 127.0.0.1 - - [15/Jul/2025 10:47:30] "[31m[1m\x16\x03\x01\x06√†\x01\x00\x06√ú\x03\x03¬•√ä√úKU\x1d√∑,√ø√Ä\x89r√∂√©\x1c√ì\x08"√´!¬∑f\x1e¬º¬ªf8√©Z√àg√ø ¬©Ra¬©√Æ√òj¬´N√ª\x0fl√∑O¬±@¬Ø√®\x94√©√ç\x83√•¬∑√ØX4:√ß\x9c>A\x00 ZZ\x13\x01\x13\x02\x13\x03√Ä+√Ä/√Ä,√Ä0√å¬©√å¬®√Ä\x13√Ä\x14\x00\x9c\x00\x9d\x00/\x005\x01\x00\x06s√ö√ö\x00\x00\x00#\x00\x00D√ç\x00\x05\x00\x03\x02h2√æ\x0d\x00√∫\x00\x00\x01\x00\x01¬Ø\x00 √ô=\x8avQ,6√ò\x03√∫¬∂√©\x8d]q¬©\x1f\x10√¥√†¬ª¬Æ^\x08=¬©√î√è\x02\x01\x16X\x00√ê\\\x96A¬≥+W\x06F¬°|√Ω\x8ai√¢m\\√â\x14T√´√©√ñ\x9d√Ø\x93¬Ø√è¬±\x1f\x96\x7f/\x1a√†\x84j¬±√∞¬¥¬•\x92z%¬´√è√£P\x11\x1a√ô¬®√øq\x0d¬∂¬ß√ù\x0f\x9d√Ü\x9c¬∞\x17U\x04B√º¬®¬®\x84¬ΩF\x82Z√π\x7f\x04¬§\x8d√§√ög`P√≥√¢\x84u√ÖD\x84P¬†/\x07√û√Ñ√£-√¥\x86F\x13\x07p\x04\x8f\x9c¬´√É√ª\x9c√∏√π+f√¶5√ò√≥\x86√®√§U:√¥√Æ,E\x80Y√ö√´¬≠`cL\\√ûG'\x84\x1cWp√ë\x14\x18l\x9d\x8e√®+\x86\x11T¬µC¬≤[6D`\x9a√≠I√â¬¥¬¶√§√î\x8b\x10=\x17√µ¬≠\x99¬Ω√Ñ\x8ck1\x9c9}aL√é{√Ö√ñ(R¬≤ \x14√Å√õ\x99\x85ue√º\x8c√Å!¬±\x00\x10\x00\x0e\x00\x0c\x02h2\x08http/1.1\x00\x1b\x00\x03\x02\x00\x02\x003\x04√Ø\x04√≠::\x00\x01\x00\x11√¨\x04√Ä\x84¬π\x9fb√®\x0b\x0b\x90¬∞√ñ¬®√é<[I√∞\x8c√Å√∏9>¬Ω√ä\x9a√µF\x96b¬µG√ñj¬ß¬¥i~√û\x1aS&d¬∑$qU:√¥\x11\x08√¶}''V√ù(\x81\x18√ò;√Äix¬∏\x9c\x8f√ñ¬£\x1d√á\x05J'P~√Æ[\x9b¬ª{\x89\x84√†\x95¬¨√ö√Å4\x18R`c\x0f\x95\x86√Ñ\x93,$\x15X√á`¬¨U√®r¬¨G"}L\x86\x8f¬ø\x03¬£_\x15√Ü*¬ªi¬µ¬ß¬†\x9e\x1c\x9e¬™!0¬ø\x8am<\x17r\x8d\x12h√Ç\x80^\x82√∑¬≠¬¥\x81\x8c√∑C\x03w8\x1c\x8f\x02\x9d√ß¬∞e\x0e√Ö\x1f¬ß\x9ah\x11¬º\x8d¬Ω\x09M√ô\x81\x01g+Ir√ú\x02\x11¬≤&+\x17¬®VHt\x02)@g√™√ä√∑√•\x13\x01\x9cb√•√¥¬ª_q\x00\x11√πR¬¥\x0cH√ºYb√†√å\x8bWB2S\x91s\x1d√∑ia√≥D√ï\x13\x08√™\x19#4S√àw)hf\x86¬π \x1b\x06\x0d)\x16√¨!tjq¬∏\x95\x86¬©y,ea&R√âvg√∑√°J\x89√§\x97\x95T¬§a√•\x87¬°√∞\x84√ô\x1a\x0d√õ√ªj/\x19¬¥√≥√•\x8ekZ¬∫\x93√ôe√≤Y√âY√ú6√ê\x0b\x1d¬©¬≥√Ä¬™T\x8b\x82:9\x12F\x87 √à√ç√é\x99\x8cw¬¨¬µ\x18√¶+√•I)√é√ï`√û¬≥\x14)38\x9fr\x17√∏q_&P}\x95\x0c~\x1c√©{\x9d√ªF¬®EbjD¬∞\x88"H√í√ª\x9f¬¨¬¶√É√ù\x9a3\x9f¬≤\x17\x0c7Ui¬µ¬§N0/¬Æ\x07¬∫ 40H¬¢p`√Ä\x95√™t¬∑r\x08\x8f<\x85\x12√à√Ég\x12D\x1aD\x99I√û¬†IG\x87\x81Y¬ß\x8fC6¬¶\x0f¬°¬º\x93√≤_√§\x07√ã\x04T¬ΩG\x19}\x88√âT√±\x10Y¬Æ\x13\x0b√é)¬∑√û\x00√Ç¬º\x89¬™\x91\x02\x82\x88√ñhnD\x1d√¢\x85&√à√≥+√ñ√ô\x1f\x0c&¬°pc\x06√Å¬†¬¥E¬´=\x1dU#¬¨"\x9b`√ßJ"EI\x84+\x04¬∑Q*l√ú\x99√î√±y√ñ\x80\x8fs\x07\x0d√Ø\x8c\x9d4x.C√∞w3\x9b$√°\x85\x9c√â\x07lJ√∞¬¨\x8b¬∏¬Ω\x8e4\x12HeL√ôU\x15\x06√≥\x9d¬º4\x815¬•+√ªhx√Ç\x97}\x09gd√é:\x1fN¬£\x0247k\x0fJK¬Æ√´\x02\x89,\x84`\x94¬±√¥√ò\x8f\x96\x15x\x0d\x80¬®¬±[0m" 400 -
2025-07-15 10:47:32,791 - ERROR - 127.0.0.1 - - [15/Jul/2025 10:47:32] code 400, message Bad request version ('>\x9b)\x99¬¥\x1a¬•√î\x06¬ß√ì¬∫√é')
2025-07-15 10:47:32,792 - INFO - 127.0.0.1 - - [15/Jul/2025 10:47:32] "[31m[1m\x16\x03\x01\x06¬†\x01\x00\x06\x9c\x03\x03z√ª3T{\x01\x92\x15¬∏√á|\x0d>\x9b)\x99¬¥\x1a¬•√î\x06¬ß√ì¬∫√é[0m" 400 -
2025-07-15 10:47:32,794 - ERROR - 127.0.0.1 - - [15/Jul/2025 10:47:32] code 400, message Bad request version ('\x80\x0e\x8d')
2025-07-15 10:47:32,794 - INFO - 127.0.0.1 - - [15/Jul/2025 10:47:32] "[31m[1m\x16\x03\x01\x06√Ä\x01\x00\x06¬º\x03\x03¬†√≥-¬¨\x99\x7f√æ√∑w\\@√õ\x84√®√ª√©n√Ω\x85√∂\x7fo\x1c\x80\x0e\x8d[0m" 400 -
2025-07-15 10:47:34,437 - ERROR - 127.0.0.1 - - [15/Jul/2025 10:47:34] code 400, message Bad request version ('rf√∫\x80}2√Ö\x98¬æ3j√êy¬¢+√ú\x11\x17¬ª?√è,¬¥¬∏wQ_5¬´√ª√õh\x03√Üg√ì')
2025-07-15 10:47:34,437 - INFO - 127.0.0.1 - - [15/Jul/2025 10:47:34] "[31m[1m\x16\x03\x01\x06√†\x01\x00\x06√ú\x03\x03,\x19¬∑U√πE¬®√ìt√û\x15K¬•\x19K\x8a`√•b!n√ü√ö3√™Q0√Ø]N-¬∏ T√∫√Ω¬≥\x9c9\x101¬ß¬ØShG\x890\x04&q√îy+k¬ø\x84b)\x0e=¬Ø\x1d`\x03\x00 \x9a\x9a\x13\x01\x13\x02\x13\x03√Ä+√Ä/√Ä,√Ä0√å¬©√å¬®√Ä\x13√Ä\x14\x00\x9c\x00\x9d\x00/\x005\x01\x00\x06sJJ\x00\x00\x00+\x00\x07\x06ZZ\x03\x04\x03\x03\x00-\x00\x02\x01\x01\x00\x10\x00\x0e\x00\x0c\x02h2\x08http/1.1√æ\x0d\x00√∫\x00\x00\x01\x00\x01\x1e\x00 eQ√æ√â√ì¬°qw\x14\x04>3\x8eB√ºM\x01\x16¬¥r¬πw\x81\x8d√∞√´F¬º\x91=0~\x00√ê\x8c√™[:'\x86¬¶¬±>√Ç√Ö√û-¬†√æ√Éy"√≤√¨¬∑√ó(¬π¬∑\x17\x80¬•mx\x8e\x07>\x07¬ª4\x96√òr√Äq√´+V¬†E√Ø\x8a√£√Ø√ãM√¢W√∏EYnP√∞√£\x90√Ä√¨√•\x8f\x16¬ª\x98[x¬©\x0b√ß\x94¬†^√ã¬∏√¶\x8e√¶\x0e√õ¬´E¬™\x1e"wW"y(√Æ√™\x05n√Æp¬Ø√ª√≥\\!66√≠\x9a√å\x1fS¬≤{\x07%\x87\x18\x0f\x0f%√å√≥√î\x83√í1$√ñ\x8c√ë¬º\x19√ó√ä√å√Äg\x9e)\x1b#√∂i\x19c√äELx0\x8e¬∂$S¬Ø\x08\x05X√∑√á¬®¬Ø¬Øe√≠√≤¬ª'SE)w\x13√∑=√£√´\x13√†¬™EEy\x13√®e√à√ÑA\x98√ª√°\x09¬£uz√∑2Zr\x94¬†¬Ω¬Æ√©√∂o\x00\x17\x00\x00\x003\x04√Ø\x04√≠jj\x00\x01\x00\x11√¨\x04√Ä\x8bt¬§\x0c¬∏¬•3\x10√ÄS√å\x7f\x12√≤√ä√ÉAz√©\x99¬∞7√µ¬∫√¶(\x03\x93¬∞*√∞√É√Å√ãQ¬†RR\x96√ÅjxId\x19Gqn√à√∞\x8c\x1a\x92\x81\x90¬´\x8a`√†s¬´kk√Ø\x17(Q\x96¬π¬≤√ô¬±√åuOH√É¬°√ÉG¬´√§¬∞%\x96\x09\x07"¬∑¬°√¶x\x9c\x87√ÅZ\x1drf√∫\x80}2√Ö\x98¬æ3j√êy¬¢+√ú\x11\x17¬ª?√è,¬¥¬∏wQ_5¬´√ª√õh\x03√Üg√ì[0m" 400 -
2025-07-15 10:47:34,439 - ERROR - 127.0.0.1 - - [15/Jul/2025 10:47:34] code 400, message Bad request version ('\x9fb\x13\x10√ä¬∫¬ß947\x8e¬∞√©\x83FR\x86\x95√â√í¬¢¬µE')
2025-07-15 10:47:34,439 - INFO - 127.0.0.1 - - [15/Jul/2025 10:47:34] "[31m[1m\x16\x03\x01\x06¬†\x01\x00\x06\x9c\x03\x03\x8d√â\x9d√°\x09dD\\+~\x1e\x00\x84¬¶'¬´\x08F\x9d√∞√∞\x03¬©√öl√•\x00√äX3\x8c\x80 *\x1f\x9fb\x13\x10√ä¬∫¬ß947\x8e¬∞√©\x83FR\x86\x95√â√í¬¢¬µE[0m" 400 -
2025-07-15 10:47:35,771 - ERROR - 127.0.0.1 - - [15/Jul/2025 10:47:35] code 400, message Bad request version ('p√î¬•\x93_bu¬¨√å\x17F\x90K`a}\x96jU√∑√¶@d')
2025-07-15 10:47:35,771 - INFO - 127.0.0.1 - - [15/Jul/2025 10:47:35] "[31m[1m\x16\x03\x01\x06√Ä\x01\x00\x06¬º\x03\x03¬¥`√û¬∂w√ìWx√ü¬™√ïK\x94\x80¬æ√•0¬ø\x0b\x04K#M\x05¬∏√∂&\x17/¬¶\x13¬¨ (¬§√¶√º\x8c0\x96¬™!\x9e√ô√∂?f\x0c\x89√±\x9d\x806√Ç √æ\x96\x91E1H√¢oS√∑\x00 JJ\x13\x01\x13\x02\x13\x03√Ä+√Ä/√Ä,√Ä0√å¬©√å¬®√Ä\x13√Ä\x14\x00\x9c\x00\x9d\x00/\x005\x01\x00\x06S√ä√ä\x00\x00\x003\x04√Ø\x04√≠\x8a\x8a\x00\x01\x00\x11√¨\x04√Ä√∏FbQ\x8c$T\x19¬µ√ó\x94¬™4√ò\x15\x8eH√ç¬§√≤√åu¬•¬Ø¬Ωq\x1c¬°√∏6√ñt`\x0bD\x15\x19TeW\x8cPC\x04yyT\x9c√¢\x85nE\x85p√î¬•\x93_bu¬¨√å\x17F\x90K`a}\x96jU√∑√¶@d[0m" 400 -
2025-07-15 10:47:35,773 - ERROR - 127.0.0.1 - - [15/Jul/2025 10:47:35] code 400, message Bad request version ("√§5{√ó'√π4S")
2025-07-15 10:47:35,773 - INFO - 127.0.0.1 - - [15/Jul/2025 10:47:35] "[31m[1m\x16\x03\x01\x06√Ä\x01\x00\x06¬º\x03\x03¬†4√º8KW¬ß√Ø>&kk\x8a¬©W\x19¬æ¬∂√Æ√¨S¬Æ\x9a\x01√ä√ú\x89¬æ¬≥√°√Æ\x8b \x0c=√∫√µI¬¨√∫#\x18¬¶'l`\x88A\x1biG\x1f¬µ\x1a&√¨\x8f\x0e√ô3¬§8\x96¬±√º\x00 \x1a\x1a\x13\x01\x13\x02\x13\x03√Ä+√Ä/√Ä,√Ä0√å¬©√å¬®√Ä\x13√Ä\x14\x00\x9c\x00\x9d\x00/\x005\x01\x00\x06S√∫√∫\x00\x00\x00\x05\x00\x05\x01\x00\x00\x00\x00\x003\x04√Ø\x04√≠::\x00\x01\x00\x11√¨\x04√Ä√•\x18\x9d\\y\x8f√ú√Ñ\x19√∂U!\x17¬∫06√â\x90√å¬™-√º√í\x8d],\x03APW_J\x17¬£√ï¬°√é√ì\x9f¬¨RZ&√®.√õFsc\x02CfES8\x05¬∑\x17IPR√Ä\x14√≤√åi¬£¬∏8√µ√®\x9fm\x9b\x03√™\x8b\x87\x01ZF\x03\x9c\x1a#¬µCX¬±¬±y'N√ä¬µr√ô√Ç¬ß¬≥¬§{Ig¬ßE\x04N√ÜT¬¥¬¶¬∑¬πG\x05\x85√ç¬≤\x19\x91x\x04¬π(\x0ca¬¥\x17^√¢¬ª√Ü0s_\x1bV√µ√°\x1a√±LrAI\x9dM√µ#\x9b√´\x14√ó\x14¬º,√â\x95√â¬ª¬∞√Åk\x11√ò√ª\x8b√Ω#Iwd\x02\x0e\x0br√∂\x00>√è√ª\x8e1'¬±√ÉI\x0d+¬º\x04\x9dz¬Ø\\F¬πO\x91i√•¬ªy√ìxYXX\x8d√ô√å¬±1¬¨G\x1d√Å\x11;EN¬∂¬∫0¬∏X√Ö√¶√ìF9√à¬ßt¬¨\x93O!¬•\x0c√§5{√ó'√π4S[0m" 400 -
2025-07-17 13:15:54,321 - INFO - RuleazƒÉ comanda: scrape
2025-07-17 13:15:54,329 - INFO - === √éncepe procesul de scraping ===
2025-07-17 13:15:54,585 - INFO - Conectat cu succes la baza de date SQL Server
2025-07-17 13:15:54,585 - INFO - √éncepe procesul de scraping...
2025-07-17 13:15:54,585 - INFO - √éncepe scraping-ul pentru HotNews.ro
2025-07-17 13:15:54,592 - ERROR - Eroare la scraping HotNews: HTTPSConnectionPool(host='hotnews.ro', port=443): Max retries exceeded with url: / (Caused by NameResolutionError("<urllib3.connection.HTTPSConnection object at 0x00000227C6AF9490>: Failed to resolve 'hotnews.ro' ([Errno 11001] getaddrinfo failed)"))
2025-07-17 13:15:54,592 - INFO - √éncepe scraping-ul pentru Digi24.ro
2025-07-17 13:15:54,602 - ERROR - Eroare la scraping Digi24: HTTPSConnectionPool(host='www.digi24.ro', port=443): Max retries exceeded with url: / (Caused by NameResolutionError("<urllib3.connection.HTTPSConnection object at 0x00000227C78BE570>: Failed to resolve 'www.digi24.ro' ([Errno 11001] getaddrinfo failed)"))
2025-07-17 13:15:54,602 - INFO - Procesul de scraping s-a terminat cu succes
2025-07-17 13:15:54,604 - INFO - Conexiunea la baza de date a fost √ÆnchisƒÉ
2025-07-17 13:15:54,606 - INFO - === Procesul de scraping s-a terminat ===
2025-07-17 13:17:59,137 - INFO - RuleazƒÉ comanda: test
2025-07-17 13:17:59,137 - INFO - TesteazƒÉ conexiunea la baza de date...
2025-07-17 13:17:59,336 - INFO - Conexiune reu»ôitƒÉ! NumƒÉrul de articole √Æn baza de date: 81
2025-07-17 13:20:08,438 - INFO - RuleazƒÉ comanda: scheduler
2025-07-17 13:20:08,447 - INFO - Porne»ôte scheduler-ul pentru scraping automat...
2025-07-17 13:20:08,447 - INFO - === √éncepe procesul de scraping ===
2025-07-17 13:20:08,577 - INFO - Conectat cu succes la baza de date SQL Server
2025-07-17 13:20:08,577 - INFO - √éncepe procesul de scraping...
2025-07-17 13:20:08,577 - INFO - √éncepe scraping-ul pentru HotNews.ro
2025-07-17 13:20:08,593 - ERROR - Eroare la scraping HotNews: HTTPSConnectionPool(host='hotnews.ro', port=443): Max retries exceeded with url: / (Caused by NameResolutionError("<urllib3.connection.HTTPSConnection object at 0x000001758A26E630>: Failed to resolve 'hotnews.ro' ([Errno 11001] getaddrinfo failed)"))
2025-07-17 13:20:08,593 - INFO - √éncepe scraping-ul pentru Digi24.ro
2025-07-17 13:20:08,604 - ERROR - Eroare la scraping Digi24: HTTPSConnectionPool(host='www.digi24.ro', port=443): Max retries exceeded with url: / (Caused by NameResolutionError("<urllib3.connection.HTTPSConnection object at 0x000001758A2F6750>: Failed to resolve 'www.digi24.ro' ([Errno 11001] getaddrinfo failed)"))
2025-07-17 13:20:08,605 - INFO - Procesul de scraping s-a terminat cu succes
2025-07-17 13:20:08,607 - INFO - Conexiunea la baza de date a fost √ÆnchisƒÉ
2025-07-17 13:20:08,607 - INFO - === Procesul de scraping s-a terminat ===
2025-07-18 08:36:35,968 - INFO - RuleazƒÉ comanda: api
2025-07-18 08:36:35,968 - INFO - Porne»ôte serverul API...
2025-07-18 08:36:37,179 - INFO - [31m[1mWARNING: This is a development server. Do not use it in a production deployment. Use a production WSGI server instead.[0m
 * Running on all addresses (0.0.0.0)
 * Running on http://127.0.0.1:5000
 * Running on http://10.88.191.53:5000
2025-07-18 08:36:37,179 - INFO - [33mPress CTRL+C to quit[0m
2025-07-18 08:36:37,189 - INFO -  * Restarting with stat
2025-07-18 08:36:37,660 - INFO - RuleazƒÉ comanda: api
2025-07-18 08:36:37,660 - INFO - Porne»ôte serverul API...
2025-07-18 08:36:37,690 - WARNING -  * Debugger is active!
2025-07-18 08:36:37,692 - INFO -  * Debugger PIN: 191-465-358
2025-07-18 08:37:09,891 - INFO - 10.88.191.53 - - [18/Jul/2025 08:37:09] "GET /api/news HTTP/1.1" 200 -
2025-07-18 08:37:10,023 - INFO - 10.88.191.53 - - [18/Jul/2025 08:37:10] "[33mGET /favicon.ico HTTP/1.1[0m" 404 -
2025-07-18 08:37:30,955 - INFO - 10.88.191.53 - - [18/Jul/2025 08:37:30] "GET /api/news/1 HTTP/1.1" 200 -
2025-07-18 08:37:38,234 - INFO - 10.88.191.53 - - [18/Jul/2025 08:37:38] "GET /api/news/24 HTTP/1.1" 200 -
2025-07-18 08:42:26,804 - INFO - RuleazƒÉ comanda: test
2025-07-18 08:42:26,804 - INFO - TesteazƒÉ conexiunea la baza de date...
2025-07-18 08:42:27,058 - INFO - Conexiune reu»ôitƒÉ! NumƒÉrul de articole √Æn baza de date: 81
